2024-08-27 21:42:29,995 - INFO - Dok쓰dno럱 modelu sieci neuronowej: 51.00%
2024-08-27 21:42:30,040 - INFO - Transakcja przeprowadzona pomy랇nie, ID pozycji: 51537813013
2024-08-27 21:42:39,528 - INFO - Dok쓰dno럱 modelu sieci neuronowej: 51.00%
2024-08-27 21:42:39,575 - INFO - Transakcja przeprowadzona pomy랇nie, ID pozycji: 51537813349
2024-08-29 13:20:18,758 - INFO - Znaleziono CPU: [PhysicalDevice(name='/physical_device:CPU:0', device_type='CPU')]
2024-08-29 13:20:18,855 - INFO - Model za쓰dowany z C:\trenowanie modelu do bota\best_model.pkl
2024-08-29 13:20:18,855 - INFO - Kontynuowanie treningu na podstawie istniej젺ego modelu.
2024-08-29 13:20:38,147 - INFO - Najlepsze parametry: {'n_estimators': 100, 'min_samples_split': 10, 'min_samples_leaf': 1, 'max_depth': None}
2024-08-29 13:20:38,148 - INFO - Dok쓰dno럱 modelu: 54.95%
2024-08-29 13:20:38,178 - INFO - Model zapisany jako C:\trenowanie modelu do bota\best_model.pkl
2024-08-29 13:20:38,244 - INFO - Transakcja przeprowadzona pomy랇nie, ID pozycji: 51544216321
2024-08-29 13:21:20,442 - INFO - Znaleziono CPU: [PhysicalDevice(name='/physical_device:CPU:0', device_type='CPU')]
2024-08-29 13:21:20,495 - INFO - Model za쓰dowany z C:\trenowanie modelu do bota\best_model.pkl
2024-08-29 13:21:20,495 - INFO - Kontynuowanie treningu na podstawie istniej젺ego modelu.
2024-08-29 13:21:39,803 - INFO - Najlepsze parametry: {'n_estimators': 200, 'min_samples_split': 5, 'min_samples_leaf': 4, 'max_depth': 30}
2024-08-29 13:21:39,803 - INFO - Dok쓰dno럱 modelu: 52.97%
2024-08-29 13:21:39,862 - INFO - Model zapisany jako C:\trenowanie modelu do bota\best_model.pkl
2024-08-29 13:21:39,937 - INFO - Transakcja przeprowadzona pomy랇nie, ID pozycji: 51544218791
2024-08-29 13:22:43,406 - INFO - Znaleziono CPU: [PhysicalDevice(name='/physical_device:CPU:0', device_type='CPU')]
2024-08-29 13:22:43,481 - INFO - Model za쓰dowany z C:\trenowanie modelu do bota\best_model.pkl
2024-08-29 13:22:43,481 - INFO - Kontynuowanie treningu na podstawie istniej젺ego modelu.
2024-08-29 13:23:28,610 - INFO - Najlepsze parametry: {'n_estimators': 150, 'min_samples_split': 30, 'min_samples_leaf': 12, 'max_features': 'log2', 'max_depth': 10, 'bootstrap': False}
2024-08-29 13:23:28,610 - INFO - Dok쓰dno럱 modelu: 52.97%
2024-08-29 13:23:28,653 - INFO - Model zapisany jako C:\trenowanie modelu do bota\best_model.pkl
2024-08-29 13:23:28,726 - INFO - Transakcja przeprowadzona pomy랇nie, ID pozycji: 51544223548
2024-08-29 13:24:13,128 - INFO - Znaleziono CPU: [PhysicalDevice(name='/physical_device:CPU:0', device_type='CPU')]
2024-08-29 13:24:13,189 - INFO - Model za쓰dowany z C:\trenowanie modelu do bota\best_model.pkl
2024-08-29 13:24:13,190 - INFO - Kontynuowanie treningu na podstawie istniej젺ego modelu.
2024-08-29 13:24:51,706 - INFO - Najlepsze parametry: {'n_estimators': 500, 'min_samples_split': 15, 'min_samples_leaf': 10, 'max_features': 'sqrt', 'max_depth': 30, 'bootstrap': False}
2024-08-29 13:24:51,706 - INFO - Dok쓰dno럱 modelu: 52.97%
2024-08-29 13:24:51,855 - INFO - Model zapisany jako C:\trenowanie modelu do bota\best_model.pkl
2024-08-29 13:24:51,964 - INFO - Transakcja przeprowadzona pomy랇nie, ID pozycji: 51544228654
2024-08-29 13:28:01,304 - INFO - Znaleziono CPU: [PhysicalDevice(name='/physical_device:CPU:0', device_type='CPU')]
2024-08-29 13:28:04,504 - INFO - Model za쓰dowany z C:\trenowanie modelu do bota\best_model.pkl
2024-08-29 13:28:04,504 - INFO - Kontynuowanie treningu na podstawie istniej젺ego modelu.
2024-08-29 13:28:46,512 - INFO - Najlepsze parametry: {'n_estimators': 500, 'min_samples_split': 15, 'min_samples_leaf': 10, 'max_features': 'sqrt', 'max_depth': 30, 'bootstrap': False}
2024-08-29 13:28:46,512 - INFO - Dok쓰dno럱 modelu: 53.47%
2024-08-29 13:28:46,663 - INFO - Model zapisany jako C:\trenowanie modelu do bota\best_model.pkl
2024-08-29 13:28:46,663 - ERROR - Brak danych historycznych.
2024-08-29 13:29:03,168 - INFO - Znaleziono CPU: [PhysicalDevice(name='/physical_device:CPU:0', device_type='CPU')]
2024-08-29 13:29:03,315 - INFO - Model za쓰dowany z C:\trenowanie modelu do bota\best_model.pkl
2024-08-29 13:29:03,315 - INFO - Kontynuowanie treningu na podstawie istniej젺ego modelu.
2024-08-29 13:29:41,413 - INFO - Najlepsze parametry: {'n_estimators': 500, 'min_samples_split': 15, 'min_samples_leaf': 10, 'max_features': 'sqrt', 'max_depth': 30, 'bootstrap': False}
2024-08-29 13:29:41,413 - INFO - Dok쓰dno럱 modelu: 52.97%
2024-08-29 13:29:41,568 - INFO - Model zapisany jako C:\trenowanie modelu do bota\best_model.pkl
2024-08-29 13:29:41,683 - INFO - Transakcja przeprowadzona pomy랇nie, ID pozycji: 51544242595
