2025-06-06 16:08:34,886 - ERROR - B³¹d wykonania transakcji: 10012, (1, 'Success')
2025-06-06 16:08:34,887 - INFO - Processing GBPUSD
2025-06-06 16:08:34,986 - INFO - Computed new sentiment score for GBPUSD: -0.7419507503509521
2025-06-06 16:08:35,069 - INFO - Computed new sentiment score for GBPUSD: -0.7419507503509521
2025-06-06 16:08:35,122 - WARNING - No orders in history from 2024-11-18 16:08:35.122662 to 2025-06-06 16:08:35.122662.
2025-06-06 16:08:35,590 - INFO - Prediction for GBPUSD: 1, Probabilities: [0.41224968433380127, 0.5877503156661987], Uncertainty: 0.0040
2025-06-06 16:08:35,631 - WARNING - Brak danych czasowych lub za ma³o rekordów
2025-06-06 16:08:35,923 - INFO - Akcja: 1 | BB%: 0.59 | Distrib: 0
2025-06-06 16:08:35,923 - INFO - Robust prediction for GBPUSD: 1, Model prediction: 1, Uncertainty: 0.0040
2025-06-06 16:08:35,924 - INFO - Robust position size: 49.5, Volatility: 9.839536422008761e-05
2025-06-06 16:08:35,926 - ERROR - B³¹d wykonania transakcji: 10019, (1, 'Success')
2025-06-06 16:08:35,926 - INFO - Processing AUDUSD
2025-06-06 16:08:35,931 - INFO - Rate limit exceeded for AUDUSD. Reusing last sentiment score: 0.5
2025-06-06 16:08:35,935 - INFO - Rate limit exceeded for AUDUSD. Reusing last sentiment score: 0.5
2025-06-06 16:08:35,980 - WARNING - No orders in history from 2024-11-18 16:08:35.980557 to 2025-06-06 16:08:35.980557.
2025-06-06 16:08:36,288 - INFO - Prediction for AUDUSD: 1, Probabilities: [0.4439082145690918, 0.5560917258262634], Uncertainty: 0.0023
2025-06-06 16:08:36,335 - WARNING - Brak danych czasowych lub za ma³o rekordów
2025-06-06 16:08:36,664 - INFO - Akcja: 1 | BB%: 0.47 | Distrib: 0
2025-06-06 16:08:36,664 - INFO - Robust prediction for AUDUSD: 1, Model prediction: 1, Uncertainty: 0.0023
2025-06-06 16:08:36,666 - INFO - Robust position size: 49.2, Volatility: 0.00015941704189768576
2025-06-06 16:08:36,668 - ERROR - B³¹d wykonania transakcji: 10019, (1, 'Success')
2025-06-06 16:08:36,669 - INFO - Pozycja 52631200948 wci¹¿ otwarta. SL: 0.64734, TP: 0.65219, Profit: 246.0
2025-06-06 16:08:36,669 - INFO - Processing USDCHF
2025-06-06 16:08:36,673 - INFO - Rate limit exceeded for USDCHF. Reusing last sentiment score: 0.5
2025-06-06 16:08:36,678 - INFO - Rate limit exceeded for USDCHF. Reusing last sentiment score: 0.5
2025-06-06 16:08:36,726 - WARNING - No orders in history from 2024-11-18 16:08:36.725402 to 2025-06-06 16:08:36.725402.
2025-06-06 16:08:37,019 - INFO - Prediction for USDCHF: 1, Probabilities: [0.4781072437763214, 0.521892786026001], Uncertainty: 0.0024
2025-06-06 16:08:37,058 - WARNING - Brak danych czasowych lub za ma³o rekordów
2025-06-06 16:08:37,348 - INFO - Akcja: 1 | BB%: 0.49 | Distrib: 0
2025-06-06 16:08:37,349 - INFO - Robust prediction for USDCHF: 1, Model prediction: 1, Uncertainty: 0.0024
2025-06-06 16:08:37,350 - INFO - Robust position size: 49.36, Volatility: 0.00012656515374431988
2025-06-06 16:08:37,352 - ERROR - B³¹d wykonania transakcji: 10019, (1, 'Success')
2025-06-06 16:08:37,352 - INFO - Waiting 15 minutes before next iteration...
2025-06-06 16:09:37,365 - INFO - Starting new trading iteration
2025-06-06 16:09:37,579 - INFO - Computed new sentiment score for EURUSD: -0.3121739650766055
2025-06-06 16:09:37,872 - INFO - Computed new sentiment score for EURUSD: -0.3121739650766055
2025-06-06 16:09:37,874 - WARNING - No orders in history from 2024-11-18 16:09:37.874718 to 2025-06-06 16:09:37.874718.
2025-06-06 16:09:37,885 - INFO - Rate limit exceeded for USDJPY. Reusing last sentiment score: 0.5
2025-06-06 16:09:37,892 - INFO - Rate limit exceeded for USDJPY. Reusing last sentiment score: 0.5
2025-06-06 16:09:37,895 - WARNING - No orders in history from 2024-11-18 16:09:37.895775 to 2025-06-06 16:09:37.895775.
2025-06-06 16:09:38,063 - INFO - Computed new sentiment score for GBPUSD: -0.7419507503509521
2025-06-06 16:09:38,207 - INFO - Computed new sentiment score for GBPUSD: -0.7419507503509521
2025-06-06 16:09:38,226 - WARNING - No orders in history from 2024-11-18 16:09:38.226317 to 2025-06-06 16:09:38.226317.
2025-06-06 16:09:38,299 - INFO - Rate limit exceeded for AUDUSD. Reusing last sentiment score: 0.5
2025-06-06 16:09:38,372 - INFO - Rate limit exceeded for AUDUSD. Reusing last sentiment score: 0.5
2025-06-06 16:09:38,394 - WARNING - No orders in history from 2024-11-18 16:09:38.392960 to 2025-06-06 16:09:38.392960.
2025-06-06 16:09:38,466 - INFO - Rate limit exceeded for USDCHF. Reusing last sentiment score: 0.5
2025-06-06 16:09:38,543 - INFO - Rate limit exceeded for USDCHF. Reusing last sentiment score: 0.5
2025-06-06 16:09:38,564 - WARNING - No orders in history from 2024-11-18 16:09:38.563669 to 2025-06-06 16:09:38.563669.
2025-06-06 16:09:38,692 - INFO - Correlation matrix:
          EURUSD    USDJPY    GBPUSD    AUDUSD    USDCHF
EURUSD  1.000000 -0.574847  0.841816  0.650752 -0.733129
USDJPY -0.574847  1.000000 -0.561757 -0.424423  0.716885
GBPUSD  0.841816 -0.561757  1.000000  0.646006 -0.636586
AUDUSD  0.650752 -0.424423  0.646006  1.000000 -0.460287
USDCHF -0.733129  0.716885 -0.636586 -0.460287  1.000000
2025-06-06 16:09:40,659 - INFO - Liczba cech: 40
2025-06-06 16:09:41,151 - INFO - Epoka 1 | Loss: 0.6912 | Val Loss: 0.6928
2025-06-06 16:09:41,162 - INFO - Model zapisany: c:\programowanie\Trading-Bot\models\best_model.pth
2025-06-06 16:09:41,311 - INFO - Epoka 2 | Loss: 0.6909 | Val Loss: 0.6928
2025-06-06 16:09:41,322 - INFO - Model zapisany: c:\programowanie\Trading-Bot\models\best_model.pth
2025-06-06 16:09:41,462 - INFO - Epoka 3 | Loss: 0.6903 | Val Loss: 0.6928
2025-06-06 16:09:41,607 - INFO - Epoka 4 | Loss: 0.6899 | Val Loss: 0.6928
2025-06-06 16:09:41,753 - INFO - Epoka 5 | Loss: 0.6899 | Val Loss: 0.6929
2025-06-06 16:09:41,901 - INFO - Epoka 6 | Loss: 0.6894 | Val Loss: 0.6929
2025-06-06 16:09:42,050 - INFO - Epoka 7 | Loss: 0.6893 | Val Loss: 0.6928
2025-06-06 16:09:42,205 - INFO - Epoka 8 | Loss: 0.6886 | Val Loss: 0.6928
2025-06-06 16:09:42,358 - INFO - Epoka 9 | Loss: 0.6880 | Val Loss: 0.6929
2025-06-06 16:09:42,515 - INFO - Epoka 10 | Loss: 0.6878 | Val Loss: 0.6929
2025-06-06 16:09:42,669 - INFO - Epoka 11 | Loss: 0.6874 | Val Loss: 0.6929
2025-06-06 16:09:42,828 - INFO - Epoka 12 | Loss: 0.6870 | Val Loss: 0.6930
2025-06-06 16:09:42,985 - INFO - Epoka 13 | Loss: 0.6867 | Val Loss: 0.6930
2025-06-06 16:09:43,138 - INFO - Epoka 14 | Loss: 0.6861 | Val Loss: 0.6931
2025-06-06 16:09:43,295 - INFO - Epoka 15 | Loss: 0.6856 | Val Loss: 0.6933
2025-06-06 16:09:43,450 - INFO - Epoka 16 | Loss: 0.6851 | Val Loss: 0.6935
2025-06-06 16:09:43,606 - INFO - Epoka 17 | Loss: 0.6844 | Val Loss: 0.6937
2025-06-06 16:09:43,765 - INFO - Epoka 18 | Loss: 0.6837 | Val Loss: 0.6940
2025-06-06 16:09:43,920 - INFO - Epoka 19 | Loss: 0.6836 | Val Loss: 0.6943
2025-06-06 16:09:44,076 - INFO - Epoka 20 | Loss: 0.6829 | Val Loss: 0.6947
2025-06-06 16:09:44,232 - INFO - Epoka 21 | Loss: 0.6824 | Val Loss: 0.6952
2025-06-06 16:09:44,389 - INFO - Epoka 22 | Loss: 0.6820 | Val Loss: 0.6958
2025-06-06 16:09:44,546 - INFO - Epoka 23 | Loss: 0.6812 | Val Loss: 0.6964
2025-06-06 16:09:44,700 - INFO - Epoka 24 | Loss: 0.6807 | Val Loss: 0.6970
2025-06-06 16:09:44,857 - INFO - Epoka 25 | Loss: 0.6796 | Val Loss: 0.6977
2025-06-06 16:09:45,013 - INFO - Epoka 26 | Loss: 0.6796 | Val Loss: 0.6985
2025-06-06 16:09:45,167 - INFO - Epoka 27 | Loss: 0.6793 | Val Loss: 0.6994
2025-06-06 16:09:45,322 - INFO - Epoka 28 | Loss: 0.6787 | Val Loss: 0.6998
2025-06-06 16:09:45,480 - INFO - Epoka 29 | Loss: 0.6782 | Val Loss: 0.7008
2025-06-06 16:09:45,636 - INFO - Epoka 30 | Loss: 0.6778 | Val Loss: 0.7016
2025-06-06 16:09:45,793 - INFO - Epoka 31 | Loss: 0.6772 | Val Loss: 0.7017
2025-06-06 16:09:45,946 - INFO - Epoka 32 | Loss: 0.6766 | Val Loss: 0.7022
2025-06-06 16:09:45,946 - INFO - Early stopping
2025-06-06 16:09:45,961 - INFO - Dok³adnoœæ: 54.74%, F1-score: 0.39, Macierz pomy³ek:
[[ 0 61]
 [ 1 75]]
2025-06-06 16:09:45,963 - INFO - Processing EURUSD
2025-06-06 16:09:46,141 - INFO - Computed new sentiment score for EURUSD: -0.3121739650766055
2025-06-06 16:09:46,305 - INFO - Computed new sentiment score for EURUSD: -0.3121739650766055
2025-06-06 16:09:46,354 - WARNING - No orders in history from 2024-11-18 16:09:46.354491 to 2025-06-06 16:09:46.354491.
2025-06-06 16:09:46,630 - INFO - Prediction for EURUSD: 1, Probabilities: [0.43689677119255066, 0.5631031394004822], Uncertainty: 0.0024
2025-06-06 16:09:46,668 - WARNING - Brak danych czasowych lub za ma³o rekordów
2025-06-06 16:09:46,960 - INFO - Akcja: 1 | BB%: 0.66 | Distrib: 0
2025-06-06 16:09:46,960 - INFO - Robust prediction for EURUSD: 1, Model prediction: 1, Uncertainty: 0.0024
2025-06-06 16:09:46,961 - INFO - Robust position size: 49.480000000000004, Volatility: 0.00010359087549651047
2025-06-06 16:09:46,964 - ERROR - B³¹d wykonania transakcji: 10019, (1, 'Success')
2025-06-06 16:09:46,964 - INFO - Processing USDJPY
2025-06-06 16:09:46,971 - INFO - Rate limit exceeded for USDJPY. Reusing last sentiment score: 0.5
2025-06-06 16:09:46,975 - INFO - Rate limit exceeded for USDJPY. Reusing last sentiment score: 0.5
2025-06-06 16:09:47,018 - WARNING - No orders in history from 2024-11-18 16:09:47.018433 to 2025-06-06 16:09:47.018433.
2025-06-06 16:09:47,289 - INFO - Prediction for USDJPY: 1, Probabilities: [0.4969007670879364, 0.5030992031097412], Uncertainty: 0.0075
2025-06-06 16:09:47,326 - WARNING - Brak danych czasowych lub za ma³o rekordów
2025-06-06 16:09:47,591 - INFO - Akcja: 1 | BB%: 0.75 | Distrib: 0
2025-06-06 16:09:47,591 - INFO - Robust prediction for USDJPY: 1, Model prediction: 1, Uncertainty: 0.0075
2025-06-06 16:09:47,592 - INFO - Robust position size: 0.49, Volatility: 0.0001555151246326674
2025-06-06 16:12:32,741 - ERROR - B³¹d wykonania transakcji: 10004, (1, 'Success')
2025-06-06 16:12:32,743 - INFO - Processing GBPUSD
2025-06-06 16:12:32,831 - INFO - Computed new sentiment score for GBPUSD: -0.7419507503509521
2025-06-06 16:12:32,905 - INFO - Computed new sentiment score for GBPUSD: -0.7419507503509521
2025-06-06 16:12:32,961 - WARNING - No orders in history from 2024-11-18 16:12:32.961517 to 2025-06-06 16:12:32.961517.
2025-06-06 16:12:33,463 - INFO - Prediction for GBPUSD: 1, Probabilities: [0.43932798504829407, 0.5606719255447388], Uncertainty: 0.0022
2025-06-06 16:12:33,500 - WARNING - Brak danych czasowych lub za ma³o rekordów
2025-06-06 16:12:33,800 - INFO - Akcja: 1 | BB%: 0.73 | Distrib: 0
2025-06-06 16:12:33,800 - INFO - Robust prediction for GBPUSD: 1, Model prediction: 1, Uncertainty: 0.0022
2025-06-06 16:12:33,801 - INFO - Robust position size: 49.5, Volatility: 9.854188996698438e-05
2025-06-06 16:12:33,804 - ERROR - B³¹d wykonania transakcji: 10019, (1, 'Success')
2025-06-06 16:12:33,804 - INFO - Processing AUDUSD
2025-06-06 16:12:33,808 - INFO - Rate limit exceeded for AUDUSD. Reusing last sentiment score: 0.5
2025-06-06 16:12:33,812 - INFO - Rate limit exceeded for AUDUSD. Reusing last sentiment score: 0.5
2025-06-06 16:12:33,856 - WARNING - No orders in history from 2024-11-18 16:12:33.856688 to 2025-06-06 16:12:33.856688.
2025-06-06 16:12:34,180 - INFO - Prediction for AUDUSD: 1, Probabilities: [0.45131948590278625, 0.5486804246902466], Uncertainty: 0.0017
2025-06-06 16:12:34,216 - WARNING - Brak danych czasowych lub za ma³o rekordów
2025-06-06 16:12:34,526 - INFO - Akcja: 1 | BB%: 0.55 | Distrib: 0
2025-06-06 16:12:34,526 - INFO - Robust prediction for AUDUSD: 1, Model prediction: 1, Uncertainty: 0.0017
2025-06-06 16:12:34,528 - INFO - Robust position size: 49.2, Volatility: 0.00015953077989241924
2025-06-06 16:12:34,530 - ERROR - B³¹d wykonania transakcji: 10019, (1, 'Success')
2025-06-06 16:12:34,531 - INFO - Pozycja 52631200948 wci¹¿ otwarta. SL: 0.64734, TP: 0.65219, Profit: 738.0
2025-06-06 16:12:34,531 - INFO - Processing USDCHF
2025-06-06 16:12:34,535 - INFO - Rate limit exceeded for USDCHF. Reusing last sentiment score: 0.5
2025-06-06 16:12:34,539 - INFO - Rate limit exceeded for USDCHF. Reusing last sentiment score: 0.5
2025-06-06 16:12:34,580 - WARNING - No orders in history from 2024-11-18 16:12:34.580834 to 2025-06-06 16:12:34.580834.
2025-06-06 16:12:34,837 - INFO - Prediction for USDCHF: 1, Probabilities: [0.45815160870552063, 0.541848361492157], Uncertainty: 0.0016
2025-06-06 16:12:34,875 - WARNING - Brak danych czasowych lub za ma³o rekordów
2025-06-06 16:12:35,154 - INFO - Akcja: 1 | BB%: 0.34 | Distrib: 0
2025-06-06 16:12:35,154 - INFO - Robust prediction for USDCHF: 1, Model prediction: 1, Uncertainty: 0.0016
2025-06-06 16:12:35,156 - INFO - Robust position size: 49.36, Volatility: 0.00012656054212282735
2025-06-06 16:12:35,158 - ERROR - B³¹d wykonania transakcji: 10019, (1, 'Success')
2025-06-06 16:12:35,158 - INFO - Waiting 15 minutes before next iteration...
2025-06-06 16:12:44,034 - INFO - Bot stopped by user.
2025-06-06 16:12:44,035 - INFO - Shutdown after trading completion
